p/n02104029_986.jpg 1 0 0 800 514
p/n02104029_992.jpg 1 0 0 500 375
p/n02104029_4696.jpg 1 0 0 500 325
p/n02104029_4704.jpg 1 0 0 500 375
p/n02104029_4709.jpg 1 0 0 325 500
p/n02104029_4746.jpg 1 0 0 537 808
p/n02104029_4777.jpg 1 0 0 233 164
p/n02104029_4789.jpg 1 0 0 537 808
p/n02104029_4791.jpg 1 0 0 300 213
p/n02104029_4800.jpg 1 0 0 495 367
p/n02104029_4814.jpg 1 0 0 375 500
p/n02104029_4815.jpg 1 0 0 808 537
p/n02104029_525.jpg 1 0 0 310 271
p/n02104029_593.jpg 1 0 0 250 185
p/n02104029_63.jpg 1 0 0 500 375
p/n02104029_662.jpg 1 0 0 452 500
p/n02104029_685.jpg 1 0 0 400 300
p/n02104029_690.jpg 1 0 0 500 325
p/n02104029_766.jpg 1 0 0 500 325
p/n02104029_792.jpg 1 0 0 500 333
p/n02104029_852.jpg 1 0 0 500 375
p/n02104029_897.jpg 1 0 0 500 375
p/n02104029_898.jpg 1 0 0 500 351
p/n02104029_903.jpg 1 0 0 323 500
p/n02104029_951.jpg 1 0 0 375 500
p/n02104029_4366.jpg 1 0 0 500 325
p/n02104029_4392.jpg 1 0 0 500 319
p/n02104029_4415.jpg 1 0 0 216 162
p/n02104029_4431.jpg 1 0 0 500 417
p/n02104029_4450.jpg 1 0 0 200 156
p/n02104029_4456.jpg 1 0 0 200 200
p/n02104029_4463.jpg 1 0 0 220 216
p/n02104029_4466.jpg 1 0 0 252 184
p/n02104029_4473.jpg 1 0 0 400 300
p/n02104029_4492.jpg 1 0 0 428 451
p/n02104029_4494.jpg 1 0 0 500 353
p/n02104029_4513.jpg 1 0 0 510 369
p/n02104029_4534.jpg 1 0 0 183 150
p/n02104029_455.jpg 1 0 0 500 394
p/n02104029_4557.jpg 1 0 0 400 300
p/n02104029_4571.jpg 1 0 0 500 443
p/n02104029_4581.jpg 1 0 0 425 302
p/n02104029_4585.jpg 1 0 0 400 300
p/n02104029_4660.jpg 1 0 0 359 480
p/n02104029_4666.jpg 1 0 0 322 500
p/n02104029_4667.jpg 1 0 0 412 275
p/n02104029_4672.jpg 1 0 0 250 242
p/n02104029_4679.jpg 1 0 0 400 338
p/n02104029_3734.jpg 1 0 0 500 375
p/n02104029_3756.jpg 1 0 0 400 500
p/n02104029_3758.jpg 1 0 0 375 500
p/n02104029_3766.jpg 1 0 0 351 243
p/n02104029_3769.jpg 1 0 0 325 500
p/n02104029_3787.jpg 1 0 0 1285 1003
p/n02104029_3900.jpg 1 0 0 375 500
p/n02104029_3942.jpg 1 0 0 313 324
p/n02104029_3991.jpg 1 0 0 360 480
p/n02104029_4002.jpg 1 0 0 500 375
p/n02104029_4059.jpg 1 0 0 361 500
p/n02104029_4079.jpg 1 0 0 581 425
p/n02104029_409.jpg 1 0 0 200 191
p/n02104029_4091.jpg 1 0 0 500 400
p/n02104029_4104.jpg 1 0 0 322 500
p/n02104029_413.jpg 1 0 0 500 375
p/n02104029_4131.jpg 1 0 0 500 375
p/n02104029_4223.jpg 1 0 0 500 314
p/n02104029_4261.jpg 1 0 0 500 375
p/n02104029_4277.jpg 1 0 0 430 500
p/n02104029_4317.jpg 1 0 0 375 500
p/n02104029_4340.jpg 1 0 0 333 500
p/n02104029_262.jpg 1 0 0 500 424
p/n02104029_2656.jpg 1 0 0 500 375
p/n02104029_2659.jpg 1 0 0 800 657
p/n02104029_2769.jpg 1 0 0 500 375
p/n02104029_2861.jpg 1 0 0 500 400
p/n02104029_2931.jpg 1 0 0 500 417
p/n02104029_2964.jpg 1 0 0 375 500
p/n02104029_2992.jpg 1 0 0 500 319
p/n02104029_31.jpg 1 0 0 500 375
p/n02104029_3166.jpg 1 0 0 296 500
p/n02104029_3207.jpg 1 0 0 500 375
p/n02104029_3217.jpg 1 0 0 500 375
p/n02104029_3353.jpg 1 0 0 500 375
p/n02104029_3378.jpg 1 0 0 500 476
p/n02104029_3397.jpg 1 0 0 400 288
p/n02104029_3427.jpg 1 0 0 240 181
p/n02104029_3491.jpg 1 0 0 400 300
p/n02104029_3493.jpg 1 0 0 500 375
p/n02104029_3505.jpg 1 0 0 722 480
p/n02104029_3526.jpg 1 0 0 500 319
p/n02104029_3564.jpg 1 0 0 500 319
p/n02104029_3570.jpg 1 0 0 576 432
p/n02104029_3578.jpg 1 0 0 500 319
p/n02104029_371.jpg 1 0 0 354 500
p/n02104029_1757.jpg 1 0 0 500 314
p/n02104029_1779.jpg 1 0 0 500 375
p/n02104029_1781.jpg 1 0 0 471 500
p/n02104029_1791.jpg 1 0 0 500 325
p/n02104029_1794.jpg 1 0 0 500 375
p/n02104029_1816.jpg 1 0 0 500 365
p/n02104029_185.jpg 1 0 0 200 131
p/n02104029_1988.jpg 1 0 0 238 191
p/n02104029_2071.jpg 1 0 0 375 500
p/n02104029_2087.jpg 1 0 0 500 375
p/n02104029_2150.jpg 1 0 0 500 325
p/n02104029_2246.jpg 1 0 0 375 500
p/n02104029_2323.jpg 1 0 0 332 500
p/n02104029_2328.jpg 1 0 0 340 178
p/n02104029_235.jpg 1 0 0 295 243
p/n02104029_2417.jpg 1 0 0 500 325
p/n02104029_2424.jpg 1 0 0 500 375
p/n02104029_2467.jpg 1 0 0 495 500
p/n02104029_247.jpg 1 0 0 243 220
p/n02104029_2500.jpg 1 0 0 500 375
p/n02104029_2501.jpg 1 0 0 500 325
p/n02104029_2504.jpg 1 0 0 500 375
p/n02104029_2540.jpg 1 0 0 278 250
p/n02104029_2582.jpg 1 0 0 500 374
p/n02104029_1218.jpg 1 0 0 500 325
p/n02104029_1268.jpg 1 0 0 500 375
p/n02104029_1278.jpg 1 0 0 500 325
p/n02104029_1287.jpg 1 0 0 500 375
p/n02104029_1289.jpg 1 0 0 500 375
p/n02104029_1313.jpg 1 0 0 500 375
p/n02104029_1324.jpg 1 0 0 446 490
p/n02104029_133.jpg 1 0 0 500 375
p/n02104029_1369.jpg 1 0 0 500 430
p/n02104029_1370.jpg 1 0 0 450 338
p/n02104029_1375.jpg 1 0 0 200 192
p/n02104029_1396.jpg 1 0 0 500 375
p/n02104029_1400.jpg 1 0 0 368 413
p/n02104029_1423.jpg 1 0 0 325 159
p/n02104029_1435.jpg 1 0 0 325 500
p/n02104029_1484.jpg 1 0 0 375 500
p/n02104029_1492.jpg 1 0 0 332 500
p/n02104029_1510.jpg 1 0 0 500 375
p/n02104029_157.jpg 1 0 0 500 325
p/n02104029_1599.jpg 1 0 0 297 250
p/n02104029_1612.jpg 1 0 0 375 500
p/n02104029_1646.jpg 1 0 0 500 375
p/n02104029_170.jpg 1 0 0 426 328
p/n02104029_1709.jpg 1 0 0 500 375
p/n02104029_1713.jpg 1 0 0 220 152
p/n02104029_1075.jpg 1 0 0 500 375
p/n02104029_110.jpg 1 0 0 500 375
p/n02104029_1107.jpg 1 0 0 500 375
p/n02104029_1138.jpg 1 0 0 500 375
p/n02104029_1150.jpg 1 0 0 500 375
p/n02104029_1206.jpg 1 0 0 500 375
p/n02104029_1214.jpg 1 0 0 375 500